<?xml version="1.0" encoding="UTF-8"?>
<!-- Generated by org.testng.reporters.JUnitXMLReporter -->
<testsuite hostname="DESKTOP-331FDEB" ignored="4" name="Test" tests="1" failures="0" timestamp="2021-03-24T15:28:42 IST" time="94.821" errors="0">
  <testcase name="testcase5" time="89.551" classname="appiumFramework.Demos"/>
  <testcase name="testcase1" time="0.0" classname="appiumFramework.Demos">
    <ignored/>
  </testcase> <!-- testcase1 -->
  <testcase name="testcase2" time="0.0" classname="appiumFramework.Demos">
    <ignored/>
  </testcase> <!-- testcase2 -->
  <testcase name="testcase3" time="0.0" classname="appiumFramework.Demos">
    <ignored/>
  </testcase> <!-- testcase3 -->
  <testcase name="testcase4" time="0.0" classname="appiumFramework.Demos">
    <ignored/>
  </testcase> <!-- testcase4 -->
</testsuite> <!-- Test -->
