<?xml version="1.0" encoding="UTF-8"?>
<testng-results skipped="0" failed="0" ignored="4" total="5" passed="1">
  <reporter-output>
  </reporter-output>
  <suite name="Suite" duration-ms="89024" started-at="2021-03-24T17:05:32 IST" finished-at="2021-03-24T17:07:01 IST">
    <groups>
    </groups>
    <test name="Test" duration-ms="89024" started-at="2021-03-24T17:05:32 IST" finished-at="2021-03-24T17:07:01 IST">
      <class name="appiumFramework.Demos">
        <test-method status="PASS" signature="bt()[pri:0, instance:appiumFramework.Demos@7cbd213e]" name="bt" is-config="true" duration-ms="5040" started-at="2021-03-24T17:05:32 IST" finished-at="2021-03-24T17:05:37 IST">
          <reporter-output>
          </reporter-output>
        </test-method> <!-- bt -->
        <test-method status="PASS" signature="testcase5()[pri:0, instance:appiumFramework.Demos@7cbd213e]" name="testcase5" duration-ms="83892" started-at="2021-03-24T17:05:37 IST" finished-at="2021-03-24T17:07:01 IST">
          <reporter-output>
          </reporter-output>
        </test-method> <!-- testcase5 -->
        <test-method status="PASS" signature="at()[pri:0, instance:appiumFramework.Demos@7cbd213e]" name="at" is-config="true" duration-ms="30" started-at="2021-03-24T17:07:01 IST" finished-at="2021-03-24T17:07:01 IST">
          <reporter-output>
          </reporter-output>
        </test-method> <!-- at -->
      </class> <!-- appiumFramework.Demos -->
    </test> <!-- Test -->
  </suite> <!-- Suite -->
</testng-results>
